#
# A fatal error has been detected by the Java Runtime Environment:
#
#  EXCEPTION_ACCESS_VIOLATION (0xc0000005) at pc=0x00007fff84c6c25b, pid=9916, tid=17176
#
# JRE version: Java(TM) SE Runtime Environment (15.0.1+9) (build 15.0.1+9-18)
# Java VM: Java HotSpot(TM) 64-Bit Server VM (15.0.1+9-18, mixed mode, sharing, tiered, compressed oops, g1 gc, windows-amd64)
# Problematic frame:
# V  [jvm.dll+0x5dc25b]
#
# No core dump will be written. Minidumps are not enabled by default on client versions of Windows
#
# If you would like to submit a bug report, please visit:
#   https://bugreport.java.com/bugreport/crash.jsp
#

---------------  S U M M A R Y ------------

Command Line: -Dfile.encoding=UTF-8 -agentpath:C:/Program Files/NetBeans-12.2/netbeans/profiler/lib/deployed/jdk16/windows-amd64/profilerinterface.dll=C:\Program Files\NetBeans-12.2\netbeans\profiler\lib,5140,10 -XX:+HeapDumpOnOutOfMemoryError -XX:HeapDumpPath=C:\Users\HP\Desktop\QLCP (2)\coffe-ban-me\QLQuanCaPheBanME\nbproject\private\profiler --module-path=C:\Users\HP\Desktop\QLCP (2)\coffe-ban-me\QLQuanCaPheBanME\build\classes GUI.main

Host: Intel(R) Core(TM) i7-4810MQ CPU @ 2.80GHz, 8 cores, 15G,  Windows 10 , 64 bit Build 19041 (10.0.19041.1202)
Time: Mon Nov 29 15:47:07 2021 SE Asia Standard Time elapsed time: 2.102586 seconds (0d 0h 0m 2s)

---------------  T H R E A D  ---------------

Current thread (0x0000020ae8414970):  JavaThread "*** Profiler Agent Communication Thread" daemon [_thread_in_vm, id=17176, stack(0x00000077fb000000,0x00000077fb100000)]

Stack: [0x00000077fb000000,0x00000077fb100000],  sp=0x00000077fb0ff170,  free space=1020k
Native frames: (J=compiled Java code, j=interpreted, Vv=VM code, C=native code)
V  [jvm.dll+0x5dc25b]
V  [jvm.dll+0x49be8b]
C  [profilerinterface.dll+0x34da]

Java frames: (J=compiled Java code, j=interpreted, Vv=VM code)
j  org.netbeans.lib.profiler.server.system.Stacks.getMethodNamesForJMethodIds(I[I[I)[B+0
j  org.netbeans.lib.profiler.server.ProfilerInterface.getMethodNamesForJMethodIds([I)Lorg/netbeans/lib/profiler/wireprotocol/MethodNamesResponse;+20
j  org.netbeans.lib.profiler.server.ProfilerServer.handleClientCommand(Lorg/netbeans/lib/profiler/wireprotocol/Command;)V+691
j  org.netbeans.lib.profiler.server.ProfilerServer.listenToClient()V+48
j  org.netbeans.lib.profiler.server.ProfilerServer.run()V+22
v  ~StubRoutines::call_stub

siginfo: EXCEPTION_ACCESS_VIOLATION (0xc0000005), reading address 0xffffffffeb9254f0


Register to memory mapping:

RIP=0x00007fff84c6c25b jvm.dll
RAX=0x00000077fb0ff101 is pointing into the stack for thread: 0x0000020ae8414970
RBX=0x0000020ae8414970 is a thread
RCX=0xffffffffeb9254f0 is an unknown value
RDX=0x0000020ae8414970 is a thread
RSP=0x00000077fb0ff170 is pointing into the stack for thread: 0x0000020ae8414970
RBP=0xffffffffeb9254f0 is an unknown value
RSI=0x00000077fb0ff290 is pointing into the stack for thread: 0x0000020ae8414970
RDI=0x0000020ac21fe3f0 points into unknown readable memory: 0x00007fff8509b970 | 70 b9 09 85 ff 7f 00 00
R8 =0x00000077fb0ff290 is pointing into the stack for thread: 0x0000020ae8414970
R9 =0x000000000000026f is an unknown value
R10=0x0 is NULL
R11=0x00000077fb0ff168 is pointing into the stack for thread: 0x0000020ae8414970
R12=0x0000020aeb5f8800 points into unknown readable memory: 0x284d48082b9254f0 | f0 54 92 2b 08 48 4d 28
R13=0x0000000000000203 is an unknown value
R14=0x00007fffb7959c68 profilerinterface.dll
R15=0x00007fffb7959a60 profilerinterface.dll


Registers:
RAX=0x00000077fb0ff101, RBX=0x0000020ae8414970, RCX=0xffffffffeb9254f0, RDX=0x0000020ae8414970
RSP=0x00000077fb0ff170, RBP=0xffffffffeb9254f0, RSI=0x00000077fb0ff290, RDI=0x0000020ac21fe3f0
R8 =0x00000077fb0ff290, R9 =0x000000000000026f, R10=0x0000000000000000, R11=0x00000077fb0ff168
R12=0x0000020aeb5f8800, R13=0x0000000000000203, R14=0x00007fffb7959c68, R15=0x00007fffb7959a60
RIP=0x00007fff84c6c25b, EFLAGS=0x0000000000010286

Top of Stack: (sp=0x00000077fb0ff170)
0x00000077fb0ff170:   0000000000000203 0000020aeb5f8800
0x00000077fb0ff180:   0000020ae8414970 00000077fb0ff348
0x00000077fb0ff190:   0000020ae8414970 00007fff84b2be8b
0x00000077fb0ff1a0:   0000000000005078 0000020ae8414970
0x00000077fb0ff1b0:   0000020ae8414c98 00007fffbe0d9d40
0x00000077fb0ff1c0:   0000020ae8414970 0000000000000000
0x00000077fb0ff1d0:   0000020a00000000 0000000000000000
0x00000077fb0ff1e0:   ffffffffeb9254f0 00007fffb79534da
0x00000077fb0ff1f0:   0000000000000000 0000020ae8414c98
0x00000077fb0ff200:   000000000000388c 0000020ae7d246f8
0x00000077fb0ff210:   0000020aeb5f8800 00007fff849dc8a7
0x00000077fb0ff220:   000000000001bb5b 0000020acc4de7c8
0x00000077fb0ff230:   0000020ae8414970 000000000000388c
0x00000077fb0ff240:   0000020ae7d246f8 0000020ae8414970
0x00000077fb0ff250:   0000020ae8414970 0000020ae7d246f8
0x00000077fb0ff260:   0000000000000000 00000000000013a2 

Instructions: (pc=0x00007fff84c6c25b)
0x00007fff84c6c15b:   00 00 4d 85 f6 74 3c 49 8b 06 49 8b ce 48 89 7c
0x00007fff84c6c16b:   24 38 ff 50 30 49 8b 16 49 8b ce 48 63 d8 ff 52
0x00007fff84c6c17b:   08 48 8b cd 0f b6 f8 e8 29 d0 be ff 48 8b c8 44
0x00007fff84c6c18b:   0f b6 cf 4c 8b c3 49 8b d6 e8 57 44 ff ff 48 8b
0x00007fff84c6c19b:   7c 24 38 48 8b 6c 24 58 80 3d b9 6e 4a 00 00 74
0x00007fff84c6c1ab:   18 48 8b 4c 24 20 48 8b d6 e8 a7 26 00 00 48 83
0x00007fff84c6c1bb:   7e 08 00 74 04 33 db eb 09 48 8b 44 24 20 48 8b
0x00007fff84c6c1cb:   58 18 48 8d 4c 24 20 e8 f9 84 d3 ff 4c 8b 74 24
0x00007fff84c6c1db:   30 48 8b c3 48 8b 5c 24 50 48 83 c4 40 5e c3 cc
0x00007fff84c6c1eb:   cc cc cc cc cc 48 8b 51 08 4c 8b c1 48 8b 42 08
0x00007fff84c6c1fb:   0f b6 52 24 c0 ea 06 48 8b 48 18 8b 81 a4 00 00
0x00007fff84c6c20b:   00 f6 c2 01 75 27 48 85 c9 74 14 8b c8 c1 e9 09
0x00007fff84c6c21b:   f6 c1 01 74 0a 41 f7 40 20 02 04 00 00 74 0e 41
0x00007fff84c6c22b:   8b 48 20 0b c8 f6 c1 10 74 03 b0 01 c3 41 83 78
0x00007fff84c6c23b:   24 fe 0f 94 c0 c3 cc cc cc cc cc cc cc cc cc cc
0x00007fff84c6c24b:   cc cc cc cc cc 40 53 48 83 ec 20 48 85 c9 74 24
0x00007fff84c6c25b:   48 8b 19 48 85 db 74 1c 48 83 fb 37 74 16 48 8b
0x00007fff84c6c26b:   13 48 8b cb ff 52 10 84 c0 74 09 48 8b c3 48 83
0x00007fff84c6c27b:   c4 20 5b c3 33 c0 48 83 c4 20 5b c3 cc cc cc cc
0x00007fff84c6c28b:   cc cc cc cc cc 40 53 55 41 56 41 57 48 83 ec 28
0x00007fff84c6c29b:   48 8b 41 08 33 ed 4c 8b f1 48 8b 50 08 4c 8b 7a
0x00007fff84c6c2ab:   18 49 8b 9f 70 01 00 00 48 85 db 0f 84 e5 00 00
0x00007fff84c6c2bb:   00 8b 15 0a 3c 4f 00 65 48 8b 04 25 58 00 00 00
0x00007fff84c6c2cb:   48 89 74 24 50 4c 89 64 24 60 4c 89 6c 24 20 41
0x00007fff84c6c2db:   bd ff ff 00 00 4c 8d 24 d0 41 b8 40 00 00 00 48
0x00007fff84c6c2eb:   89 7c 24 58 90 49 8b 56 08 48 8b 73 10 0f b7 42
0x00007fff84c6c2fb:   2a 66 39 43 08 75 7c 0f b7 42 2c 66 39 43 0a 75
0x00007fff84c6c30b:   72 0f b6 03 48 63 4b 04 49 8b 3c 24 88 44 11 38
0x00007fff84c6c31b:   41 8b c0 80 3c 38 00 75 05 e8 c3 c3 1f 00 b8 08
0x00007fff84c6c32b:   00 00 00 49 8b ce 48 8b 3c 38 48 8b d7 e8 c3 2b
0x00007fff84c6c33b:   bc ff 48 83 7f 08 00 75 0a 48 85 c0 74 05 66 44
0x00007fff84c6c34b:   01 68 16 48 85 ed 74 14 48 8b cb 48 89 75 10 e8 


Stack slot to memory mapping:
stack at sp + 0 slots: 0x0000000000000203 is an unknown value
stack at sp + 1 slots: 0x0000020aeb5f8800 points into unknown readable memory: 0x284d48082b9254f0 | f0 54 92 2b 08 48 4d 28
stack at sp + 2 slots: 0x0000020ae8414970 is a thread
stack at sp + 3 slots: 0x00000077fb0ff348 is pointing into the stack for thread: 0x0000020ae8414970
stack at sp + 4 slots: 0x0000020ae8414970 is a thread
stack at sp + 5 slots: 0x00007fff84b2be8b jvm.dll
stack at sp + 6 slots: 0x0000000000005078 is an unknown value
stack at sp + 7 slots: 0x0000020ae8414970 is a thread


---------------  P R O C E S S  ---------------

Threads class SMR info:
_java_thread_list=0x0000020aeb9b7b20, length=22, elements={
0x0000020ae7934a90, 0x0000020ae7935570, 0x0000020ae794de80, 0x0000020ae794e740,
0x0000020ae794f100, 0x0000020ae79543b0, 0x0000020ae7955d70, 0x0000020ae795fe70,
0x0000020ae82e48c0, 0x0000020ae8414970, 0x0000020ae84b93c0, 0x0000020ae84bb8a0,
0x0000020ae8e5a280, 0x0000020ae8e5a990, 0x0000020ae91cb6e0, 0x0000020ae8ea3060,
0x0000020ae8ea3a00, 0x0000020ae8ea5210, 0x0000020ae8ea4d40, 0x0000020aeb9b1b80,
0x0000020ae8ea3ed0, 0x0000020ae8ea3530
}

Java Threads: ( => current thread )
  0x0000020ae7934a90 JavaThread "Reference Handler" daemon [_thread_blocked, id=15976, stack(0x00000077fa600000,0x00000077fa700000)]
  0x0000020ae7935570 JavaThread "Finalizer" daemon [_thread_blocked, id=11812, stack(0x00000077fa700000,0x00000077fa800000)]
  0x0000020ae794de80 JavaThread "Signal Dispatcher" daemon [_thread_blocked, id=9364, stack(0x00000077fa800000,0x00000077fa900000)]
  0x0000020ae794e740 JavaThread "Attach Listener" daemon [_thread_blocked, id=18336, stack(0x00000077fa900000,0x00000077faa00000)]
  0x0000020ae794f100 JavaThread "Service Thread" daemon [_thread_blocked, id=16120, stack(0x00000077faa00000,0x00000077fab00000)]
  0x0000020ae79543b0 JavaThread "C2 CompilerThread0" daemon [_thread_blocked, id=10548, stack(0x00000077fab00000,0x00000077fac00000)]
  0x0000020ae7955d70 JavaThread "C1 CompilerThread0" daemon [_thread_blocked, id=15804, stack(0x00000077fac00000,0x00000077fad00000)]
  0x0000020ae795fe70 JavaThread "Sweeper thread" daemon [_thread_blocked, id=17596, stack(0x00000077fad00000,0x00000077fae00000)]
  0x0000020ae82e48c0 JavaThread "Common-Cleaner" daemon [_thread_blocked, id=18480, stack(0x00000077fae00000,0x00000077faf00000)]
=>0x0000020ae8414970 JavaThread "*** Profiler Agent Communication Thread" daemon [_thread_in_vm, id=17176, stack(0x00000077fb000000,0x00000077fb100000)]
  0x0000020ae84b93c0 JavaThread "*** JFluid Monitor thread ***" daemon [_thread_blocked, id=9188, stack(0x00000077faf00000,0x00000077fb000000)]
  0x0000020ae84bb8a0 JavaThread "*** Profiler Agent Special Execution Thread 6" daemon [_thread_blocked, id=7152, stack(0x00000077fb100000,0x00000077fb200000)]
  0x0000020ae8e5a280 JavaThread "*** Profiler Agent Special Execution Thread 10" daemon [_thread_blocked, id=17876, stack(0x00000077fb300000,0x00000077fb400000)]
  0x0000020ae8e5a990 JavaThread "Notification Thread" daemon [_thread_blocked, id=18672, stack(0x00000077fb200000,0x00000077fb300000)]
  0x0000020ae91cb6e0 JavaThread "Java2D Disposer" daemon [_thread_blocked, id=1780, stack(0x00000077fb500000,0x00000077fb600000)]
  0x0000020ae8ea3060 JavaThread "AWT-Shutdown" [_thread_blocked, id=5856, stack(0x00000077fb600000,0x00000077fb700000)]
  0x0000020ae8ea3a00 JavaThread "AWT-Windows" daemon [_thread_in_native, id=17796, stack(0x00000077fb700000,0x00000077fb800000)]
  0x0000020ae8ea5210 JavaThread "AWT-EventQueue-0" [_thread_blocked, id=6056, stack(0x00000077fb800000,0x00000077fb900000)]
  0x0000020ae8ea4d40 JavaThread "DestroyJavaVM" [_thread_blocked, id=15260, stack(0x00000077f9f00000,0x00000077fa000000)]
  0x0000020aeb9b1b80 JavaThread "C2 CompilerThread1" daemon [_thread_blocked, id=11620, stack(0x00000077fb900000,0x00000077fba00000)]
  0x0000020ae8ea3ed0 JavaThread "Image Fetcher 0" daemon [_thread_blocked, id=16492, stack(0x00000077fba00000,0x00000077fbb00000)]
  0x0000020ae8ea3530 JavaThread "TimerQueue" daemon [_thread_blocked, id=2820, stack(0x00000077fbb00000,0x00000077fbc00000)]

Other Threads:
  0x0000020ae792eb70 VMThread "VM Thread" [stack: 0x00000077fa500000,0x00000077fa600000] [id=9740] _threads_hazard_ptr=0x0000020aeb9b7b20
  0x0000020ac4272af0 WatcherThread [stack: 0x00000077fb400000,0x00000077fb500000] [id=16916]
  0x0000020ac42c1e20 GCTaskThread "GC Thread#0" [stack: 0x00000077fa000000,0x00000077fa100000] [id=13364]
  0x0000020ac42d2cc0 ConcurrentGCThread "G1 Main Marker" [stack: 0x00000077fa100000,0x00000077fa200000] [id=9584]
  0x0000020ac42d4f70 ConcurrentGCThread "G1 Conc#0" [stack: 0x00000077fa200000,0x00000077fa300000] [id=9668]
  0x0000020ac434e540 ConcurrentGCThread "G1 Refine#0" [stack: 0x00000077fa300000,0x00000077fa400000] [id=9880]
  0x0000020ae781e130 ConcurrentGCThread "G1 Young RemSet Sampling" [stack: 0x00000077fa400000,0x00000077fa500000] [id=8432]

Threads with active compile tasks:
C2 CompilerThread0     2162 1639       4       java.lang.ThreadLocal$ThreadLocalMap::getEntry (42 bytes)
C1 CompilerThread0     2162 1645       3       java.util.regex.Pattern$SliceI::match (96 bytes)
C2 CompilerThread1     2162 1638   !   4       java.util.jar.Attributes::read (530 bytes)

VM state: synchronizing (normal execution)

VM Mutex/Monitor currently owned by a thread:  ([mutex/lock_event])
[0x0000020ac426d0e0] Threads_lock - owner thread: 0x0000020ae792eb70

Heap address: 0x0000000701c00000, size: 4068 MB, Compressed Oops mode: Zero based, Oop shift amount: 3
CDS archive(s) mapped at: [0x0000000800000000-0x0000000800b50000-0x0000000800b50000), size 11862016, SharedBaseAddress: 0x0000000800000000, ArchiveRelocationMode: 0.
Compressed class space mapped at: 0x0000000800b50000-0x0000000840b50000, size: 1073741824
Narrow klass base: 0x0000000800000000, Narrow klass shift: 3, Narrow klass range: 0x100000000

GC Precious Log:
 CPUs: 8 total, 8 available
 Memory: 16265M
 Large Page Support: Disabled
 NUMA Support: Disabled
 Compressed Oops: Enabled (Zero based)
 Heap Region Size: 2M
 Heap Min Capacity: 8M
 Heap Initial Capacity: 256M
 Heap Max Capacity: 4068M
 Pre-touch: Disabled
 Parallel Workers: 8
 Concurrent Workers: 2
 Concurrent Refinement Workers: 8
 Periodic GC: Disabled

Heap:
 garbage-first heap   total 262144K, used 22528K [0x0000000701c00000, 0x0000000800000000)
  region size 2048K, 11 young (22528K), 0 survivors (0K)
 Metaspace       used 17144K, capacity 17416K, committed 17536K, reserved 1064960K
  class space    used 1979K, capacity 2084K, committed 2176K, reserved 1048576K

Heap Regions: E=young(eden), S=young(survivor), O=old, HS=humongous(starts), HC=humongous(continues), CS=collection set, F=free, OA=open archive, CA=closed archive, TAMS=top-at-mark-start (previous, next)
|   0|0x0000000701c00000, 0x0000000701e00000, 0x0000000701e00000|100%|HS|  |TAMS 0x0000000701c00000, 0x0000000701c00000| Complete 
|   1|0x0000000701e00000, 0x0000000701e00000, 0x0000000702000000|  0%| F|  |TAMS 0x0000000701e00000, 0x0000000701e00000| Untracked 
|   2|0x0000000702000000, 0x0000000702000000, 0x0000000702200000|  0%| F|  |TAMS 0x0000000702000000, 0x0000000702000000| Untracked 
|   3|0x0000000702200000, 0x0000000702200000, 0x0000000702400000|  0%| F|  |TAMS 0x0000000702200000, 0x0000000702200000| Untracked 
|   4|0x0000000702400000, 0x0000000702400000, 0x0000000702600000|  0%| F|  |TAMS 0x0000000702400000, 0x0000000702400000| Untracked 
|   5|0x0000000702600000, 0x0000000702600000, 0x0000000702800000|  0%| F|  |TAMS 0x0000000702600000, 0x0000000702600000| Untracked 
|   6|0x0000000702800000, 0x0000000702800000, 0x0000000702a00000|  0%| F|  |TAMS 0x0000000702800000, 0x0000000702800000| Untracked 
|   7|0x0000000702a00000, 0x0000000702a00000, 0x0000000702c00000|  0%| F|  |TAMS 0x0000000702a00000, 0x0000000702a00000| Untracked 
|   8|0x0000000702c00000, 0x0000000702c00000, 0x0000000702e00000|  0%| F|  |TAMS 0x0000000702c00000, 0x0000000702c00000| Untracked 
|   9|0x0000000702e00000, 0x0000000702e00000, 0x0000000703000000|  0%| F|  |TAMS 0x0000000702e00000, 0x0000000702e00000| Untracked 
|  10|0x0000000703000000, 0x0000000703000000, 0x0000000703200000|  0%| F|  |TAMS 0x0000000703000000, 0x0000000703000000| Untracked 
|  11|0x0000000703200000, 0x0000000703200000, 0x0000000703400000|  0%| F|  |TAMS 0x0000000703200000, 0x0000000703200000| Untracked 
|  12|0x0000000703400000, 0x0000000703400000, 0x0000000703600000|  0%| F|  |TAMS 0x0000000703400000, 0x0000000703400000| Untracked 
|  13|0x0000000703600000, 0x0000000703600000, 0x0000000703800000|  0%| F|  |TAMS 0x0000000703600000, 0x0000000703600000| Untracked 
|  14|0x0000000703800000, 0x0000000703800000, 0x0000000703a00000|  0%| F|  |TAMS 0x0000000703800000, 0x0000000703800000| Untracked 
|  15|0x0000000703a00000, 0x0000000703a00000, 0x0000000703c00000|  0%| F|  |TAMS 0x0000000703a00000, 0x0000000703a00000| Untracked 
|  16|0x0000000703c00000, 0x0000000703c00000, 0x0000000703e00000|  0%| F|  |TAMS 0x0000000703c00000, 0x0000000703c00000| Untracked 
|  17|0x0000000703e00000, 0x0000000703e00000, 0x0000000704000000|  0%| F|  |TAMS 0x0000000703e00000, 0x0000000703e00000| Untracked 
|  18|0x0000000704000000, 0x0000000704000000, 0x0000000704200000|  0%| F|  |TAMS 0x0000000704000000, 0x0000000704000000| Untracked 
|  19|0x0000000704200000, 0x0000000704200000, 0x0000000704400000|  0%| F|  |TAMS 0x0000000704200000, 0x0000000704200000| Untracked 
|  20|0x0000000704400000, 0x0000000704400000, 0x0000000704600000|  0%| F|  |TAMS 0x0000000704400000, 0x0000000704400000| Untracked 
|  21|0x0000000704600000, 0x0000000704600000, 0x0000000704800000|  0%| F|  |TAMS 0x0000000704600000, 0x0000000704600000| Untracked 
|  22|0x0000000704800000, 0x0000000704800000, 0x0000000704a00000|  0%| F|  |TAMS 0x0000000704800000, 0x0000000704800000| Untracked 
|  23|0x0000000704a00000, 0x0000000704a00000, 0x0000000704c00000|  0%| F|  |TAMS 0x0000000704a00000, 0x0000000704a00000| Untracked 
|  24|0x0000000704c00000, 0x0000000704c00000, 0x0000000704e00000|  0%| F|  |TAMS 0x0000000704c00000, 0x0000000704c00000| Untracked 
|  25|0x0000000704e00000, 0x0000000704e00000, 0x0000000705000000|  0%| F|  |TAMS 0x0000000704e00000, 0x0000000704e00000| Untracked 
|  26|0x0000000705000000, 0x0000000705000000, 0x0000000705200000|  0%| F|  |TAMS 0x0000000705000000, 0x0000000705000000| Untracked 
|  27|0x0000000705200000, 0x0000000705200000, 0x0000000705400000|  0%| F|  |TAMS 0x0000000705200000, 0x0000000705200000| Untracked 
|  28|0x0000000705400000, 0x0000000705400000, 0x0000000705600000|  0%| F|  |TAMS 0x0000000705400000, 0x0000000705400000| Untracked 
|  29|0x0000000705600000, 0x0000000705600000, 0x0000000705800000|  0%| F|  |TAMS 0x0000000705600000, 0x0000000705600000| Untracked 
|  30|0x0000000705800000, 0x0000000705800000, 0x0000000705a00000|  0%| F|  |TAMS 0x0000000705800000, 0x0000000705800000| Untracked 
|  31|0x0000000705a00000, 0x0000000705a00000, 0x0000000705c00000|  0%| F|  |TAMS 0x0000000705a00000, 0x0000000705a00000| Untracked 
|  32|0x0000000705c00000, 0x0000000705c00000, 0x0000000705e00000|  0%| F|  |TAMS 0x0000000705c00000, 0x0000000705c00000| Untracked 
|  33|0x0000000705e00000, 0x0000000705e00000, 0x0000000706000000|  0%| F|  |TAMS 0x0000000705e00000, 0x0000000705e00000| Untracked 
|  34|0x0000000706000000, 0x0000000706000000, 0x0000000706200000|  0%| F|  |TAMS 0x0000000706000000, 0x0000000706000000| Untracked 
|  35|0x0000000706200000, 0x0000000706200000, 0x0000000706400000|  0%| F|  |TAMS 0x0000000706200000, 0x0000000706200000| Untracked 
|  36|0x0000000706400000, 0x0000000706400000, 0x0000000706600000|  0%| F|  |TAMS 0x0000000706400000, 0x0000000706400000| Untracked 
|  37|0x0000000706600000, 0x0000000706600000, 0x0000000706800000|  0%| F|  |TAMS 0x0000000706600000, 0x0000000706600000| Untracked 
|  38|0x0000000706800000, 0x0000000706800000, 0x0000000706a00000|  0%| F|  |TAMS 0x0000000706800000, 0x0000000706800000| Untracked 
|  39|0x0000000706a00000, 0x0000000706a00000, 0x0000000706c00000|  0%| F|  |TAMS 0x0000000706a00000, 0x0000000706a00000| Untracked 
|  40|0x0000000706c00000, 0x0000000706c00000, 0x0000000706e00000|  0%| F|  |TAMS 0x0000000706c00000, 0x0000000706c00000| Untracked 
|  41|0x0000000706e00000, 0x0000000706e00000, 0x0000000707000000|  0%| F|  |TAMS 0x0000000706e00000, 0x0000000706e00000| Untracked 
|  42|0x0000000707000000, 0x0000000707000000, 0x0000000707200000|  0%| F|  |TAMS 0x0000000707000000, 0x0000000707000000| Untracked 
|  43|0x0000000707200000, 0x0000000707200000, 0x0000000707400000|  0%| F|  |TAMS 0x0000000707200000, 0x0000000707200000| Untracked 
|  44|0x0000000707400000, 0x0000000707400000, 0x0000000707600000|  0%| F|  |TAMS 0x0000000707400000, 0x0000000707400000| Untracked 
|  45|0x0000000707600000, 0x0000000707600000, 0x0000000707800000|  0%| F|  |TAMS 0x0000000707600000, 0x0000000707600000| Untracked 
|  46|0x0000000707800000, 0x0000000707800000, 0x0000000707a00000|  0%| F|  |TAMS 0x0000000707800000, 0x0000000707800000| Untracked 
|  47|0x0000000707a00000, 0x0000000707a00000, 0x0000000707c00000|  0%| F|  |TAMS 0x0000000707a00000, 0x0000000707a00000| Untracked 
|  48|0x0000000707c00000, 0x0000000707c00000, 0x0000000707e00000|  0%| F|  |TAMS 0x0000000707c00000, 0x0000000707c00000| Untracked 
|  49|0x0000000707e00000, 0x0000000707e00000, 0x0000000708000000|  0%| F|  |TAMS 0x0000000707e00000, 0x0000000707e00000| Untracked 
|  50|0x0000000708000000, 0x0000000708000000, 0x0000000708200000|  0%| F|  |TAMS 0x0000000708000000, 0x0000000708000000| Untracked 
|  51|0x0000000708200000, 0x0000000708200000, 0x0000000708400000|  0%| F|  |TAMS 0x0000000708200000, 0x0000000708200000| Untracked 
|  52|0x0000000708400000, 0x0000000708400000, 0x0000000708600000|  0%| F|  |TAMS 0x0000000708400000, 0x0000000708400000| Untracked 
|  53|0x0000000708600000, 0x0000000708600000, 0x0000000708800000|  0%| F|  |TAMS 0x0000000708600000, 0x0000000708600000| Untracked 
|  54|0x0000000708800000, 0x0000000708800000, 0x0000000708a00000|  0%| F|  |TAMS 0x0000000708800000, 0x0000000708800000| Untracked 
|  55|0x0000000708a00000, 0x0000000708a00000, 0x0000000708c00000|  0%| F|  |TAMS 0x0000000708a00000, 0x0000000708a00000| Untracked 
|  56|0x0000000708c00000, 0x0000000708c00000, 0x0000000708e00000|  0%| F|  |TAMS 0x0000000708c00000, 0x0000000708c00000| Untracked 
|  57|0x0000000708e00000, 0x0000000708e00000, 0x0000000709000000|  0%| F|  |TAMS 0x0000000708e00000, 0x0000000708e00000| Untracked 
|  58|0x0000000709000000, 0x0000000709000000, 0x0000000709200000|  0%| F|  |TAMS 0x0000000709000000, 0x0000000709000000| Untracked 
|  59|0x0000000709200000, 0x0000000709200000, 0x0000000709400000|  0%| F|  |TAMS 0x0000000709200000, 0x0000000709200000| Untracked 
|  60|0x0000000709400000, 0x0000000709400000, 0x0000000709600000|  0%| F|  |TAMS 0x0000000709400000, 0x0000000709400000| Untracked 
|  61|0x0000000709600000, 0x0000000709600000, 0x0000000709800000|  0%| F|  |TAMS 0x0000000709600000, 0x0000000709600000| Untracked 
|  62|0x0000000709800000, 0x0000000709800000, 0x0000000709a00000|  0%| F|  |TAMS 0x0000000709800000, 0x0000000709800000| Untracked 
|  63|0x0000000709a00000, 0x0000000709a00000, 0x0000000709c00000|  0%| F|  |TAMS 0x0000000709a00000, 0x0000000709a00000| Untracked 
|  64|0x0000000709c00000, 0x0000000709c00000, 0x0000000709e00000|  0%| F|  |TAMS 0x0000000709c00000, 0x0000000709c00000| Untracked 
|  65|0x0000000709e00000, 0x0000000709e00000, 0x000000070a000000|  0%| F|  |TAMS 0x0000000709e00000, 0x0000000709e00000| Untracked 
|  66|0x000000070a000000, 0x000000070a000000, 0x000000070a200000|  0%| F|  |TAMS 0x000000070a000000, 0x000000070a000000| Untracked 
|  67|0x000000070a200000, 0x000000070a200000, 0x000000070a400000|  0%| F|  |TAMS 0x000000070a200000, 0x000000070a200000| Untracked 
|  68|0x000000070a400000, 0x000000070a400000, 0x000000070a600000|  0%| F|  |TAMS 0x000000070a400000, 0x000000070a400000| Untracked 
|  69|0x000000070a600000, 0x000000070a600000, 0x000000070a800000|  0%| F|  |TAMS 0x000000070a600000, 0x000000070a600000| Untracked 
|  70|0x000000070a800000, 0x000000070a800000, 0x000000070aa00000|  0%| F|  |TAMS 0x000000070a800000, 0x000000070a800000| Untracked 
|  71|0x000000070aa00000, 0x000000070aa00000, 0x000000070ac00000|  0%| F|  |TAMS 0x000000070aa00000, 0x000000070aa00000| Untracked 
|  72|0x000000070ac00000, 0x000000070ac00000, 0x000000070ae00000|  0%| F|  |TAMS 0x000000070ac00000, 0x000000070ac00000| Untracked 
|  73|0x000000070ae00000, 0x000000070ae00000, 0x000000070b000000|  0%| F|  |TAMS 0x000000070ae00000, 0x000000070ae00000| Untracked 
|  74|0x000000070b000000, 0x000000070b000000, 0x000000070b200000|  0%| F|  |TAMS 0x000000070b000000, 0x000000070b000000| Untracked 
|  75|0x000000070b200000, 0x000000070b200000, 0x000000070b400000|  0%| F|  |TAMS 0x000000070b200000, 0x000000070b200000| Untracked 
|  76|0x000000070b400000, 0x000000070b400000, 0x000000070b600000|  0%| F|  |TAMS 0x000000070b400000, 0x000000070b400000| Untracked 
|  77|0x000000070b600000, 0x000000070b600000, 0x000000070b800000|  0%| F|  |TAMS 0x000000070b600000, 0x000000070b600000| Untracked 
|  78|0x000000070b800000, 0x000000070b800000, 0x000000070ba00000|  0%| F|  |TAMS 0x000000070b800000, 0x000000070b800000| Untracked 
|  79|0x000000070ba00000, 0x000000070ba00000, 0x000000070bc00000|  0%| F|  |TAMS 0x000000070ba00000, 0x000000070ba00000| Untracked 
|  80|0x000000070bc00000, 0x000000070bc00000, 0x000000070be00000|  0%| F|  |TAMS 0x000000070bc00000, 0x000000070bc00000| Untracked 
|  81|0x000000070be00000, 0x000000070be00000, 0x000000070c000000|  0%| F|  |TAMS 0x000000070be00000, 0x000000070be00000| Untracked 
|  82|0x000000070c000000, 0x000000070c000000, 0x000000070c200000|  0%| F|  |TAMS 0x000000070c000000, 0x000000070c000000| Untracked 
|  83|0x000000070c200000, 0x000000070c200000, 0x000000070c400000|  0%| F|  |TAMS 0x000000070c200000, 0x000000070c200000| Untracked 
|  84|0x000000070c400000, 0x000000070c400000, 0x000000070c600000|  0%| F|  |TAMS 0x000000070c400000, 0x000000070c400000| Untracked 
|  85|0x000000070c600000, 0x000000070c600000, 0x000000070c800000|  0%| F|  |TAMS 0x000000070c600000, 0x000000070c600000| Untracked 
|  86|0x000000070c800000, 0x000000070c800000, 0x000000070ca00000|  0%| F|  |TAMS 0x000000070c800000, 0x000000070c800000| Untracked 
|  87|0x000000070ca00000, 0x000000070ca00000, 0x000000070cc00000|  0%| F|  |TAMS 0x000000070ca00000, 0x000000070ca00000| Untracked 
|  88|0x000000070cc00000, 0x000000070cc00000, 0x000000070ce00000|  0%| F|  |TAMS 0x000000070cc00000, 0x000000070cc00000| Untracked 
|  89|0x000000070ce00000, 0x000000070ce00000, 0x000000070d000000|  0%| F|  |TAMS 0x000000070ce00000, 0x000000070ce00000| Untracked 
|  90|0x000000070d000000, 0x000000070d000000, 0x000000070d200000|  0%| F|  |TAMS 0x000000070d000000, 0x000000070d000000| Untracked 
|  91|0x000000070d200000, 0x000000070d200000, 0x000000070d400000|  0%| F|  |TAMS 0x000000070d200000, 0x000000070d200000| Untracked 
|  92|0x000000070d400000, 0x000000070d400000, 0x000000070d600000|  0%| F|  |TAMS 0x000000070d400000, 0x000000070d400000| Untracked 
|  93|0x000000070d600000, 0x000000070d600000, 0x000000070d800000|  0%| F|  |TAMS 0x000000070d600000, 0x000000070d600000| Untracked 
|  94|0x000000070d800000, 0x000000070d800000, 0x000000070da00000|  0%| F|  |TAMS 0x000000070d800000, 0x000000070d800000| Untracked 
|  95|0x000000070da00000, 0x000000070da00000, 0x000000070dc00000|  0%| F|  |TAMS 0x000000070da00000, 0x000000070da00000| Untracked 
|  96|0x000000070dc00000, 0x000000070dc00000, 0x000000070de00000|  0%| F|  |TAMS 0x000000070dc00000, 0x000000070dc00000| Untracked 
|  97|0x000000070de00000, 0x000000070de00000, 0x000000070e000000|  0%| F|  |TAMS 0x000000070de00000, 0x000000070de00000| Untracked 
|  98|0x000000070e000000, 0x000000070e000000, 0x000000070e200000|  0%| F|  |TAMS 0x000000070e000000, 0x000000070e000000| Untracked 
|  99|0x000000070e200000, 0x000000070e200000, 0x000000070e400000|  0%| F|  |TAMS 0x000000070e200000, 0x000000070e200000| Untracked 
| 100|0x000000070e400000, 0x000000070e400000, 0x000000070e600000|  0%| F|  |TAMS 0x000000070e400000, 0x000000070e400000| Untracked 
| 101|0x000000070e600000, 0x000000070e600000, 0x000000070e800000|  0%| F|  |TAMS 0x000000070e600000, 0x000000070e600000| Untracked 
| 102|0x000000070e800000, 0x000000070e800000, 0x000000070ea00000|  0%| F|  |TAMS 0x000000070e800000, 0x000000070e800000| Untracked 
| 103|0x000000070ea00000, 0x000000070ea00000, 0x000000070ec00000|  0%| F|  |TAMS 0x000000070ea00000, 0x000000070ea00000| Untracked 
| 104|0x000000070ec00000, 0x000000070ec00000, 0x000000070ee00000|  0%| F|  |TAMS 0x000000070ec00000, 0x000000070ec00000| Untracked 
| 105|0x000000070ee00000, 0x000000070ee00000, 0x000000070f000000|  0%| F|  |TAMS 0x000000070ee00000, 0x000000070ee00000| Untracked 
| 106|0x000000070f000000, 0x000000070f000000, 0x000000070f200000|  0%| F|  |TAMS 0x000000070f000000, 0x000000070f000000| Untracked 
| 107|0x000000070f200000, 0x000000070f200000, 0x000000070f400000|  0%| F|  |TAMS 0x000000070f200000, 0x000000070f200000| Untracked 
| 108|0x000000070f400000, 0x000000070f400000, 0x000000070f600000|  0%| F|  |TAMS 0x000000070f400000, 0x000000070f400000| Untracked 
| 109|0x000000070f600000, 0x000000070f600000, 0x000000070f800000|  0%| F|  |TAMS 0x000000070f600000, 0x000000070f600000| Untracked 
| 110|0x000000070f800000, 0x000000070f800000, 0x000000070fa00000|  0%| F|  |TAMS 0x000000070f800000, 0x000000070f800000| Untracked 
| 111|0x000000070fa00000, 0x000000070fa00000, 0x000000070fc00000|  0%| F|  |TAMS 0x000000070fa00000, 0x000000070fa00000| Untracked 
| 112|0x000000070fc00000, 0x000000070fc00000, 0x000000070fe00000|  0%| F|  |TAMS 0x000000070fc00000, 0x000000070fc00000| Untracked 
| 113|0x000000070fe00000, 0x000000070fe00000, 0x0000000710000000|  0%| F|  |TAMS 0x000000070fe00000, 0x000000070fe00000| Untracked 
| 114|0x0000000710000000, 0x0000000710000000, 0x0000000710200000|  0%| F|  |TAMS 0x0000000710000000, 0x0000000710000000| Untracked 
| 115|0x0000000710200000, 0x0000000710200000, 0x0000000710400000|  0%| F|  |TAMS 0x0000000710200000, 0x0000000710200000| Untracked 
| 116|0x0000000710400000, 0x0000000710400000, 0x0000000710600000|  0%| F|  |TAMS 0x0000000710400000, 0x0000000710400000| Untracked 
| 117|0x0000000710600000, 0x00000007107964e0, 0x0000000710800000| 79%| E|  |TAMS 0x0000000710600000, 0x0000000710600000| Complete 
| 118|0x0000000710800000, 0x0000000710a00000, 0x0000000710a00000|100%| E|CS|TAMS 0x0000000710800000, 0x0000000710800000| Complete 
| 119|0x0000000710a00000, 0x0000000710c00000, 0x0000000710c00000|100%| E|CS|TAMS 0x0000000710a00000, 0x0000000710a00000| Complete 
| 120|0x0000000710c00000, 0x0000000710e00000, 0x0000000710e00000|100%| E|CS|TAMS 0x0000000710c00000, 0x0000000710c00000| Complete 
| 121|0x0000000710e00000, 0x0000000711000000, 0x0000000711000000|100%| E|CS|TAMS 0x0000000710e00000, 0x0000000710e00000| Complete 
| 122|0x0000000711000000, 0x0000000711200000, 0x0000000711200000|100%| E|CS|TAMS 0x0000000711000000, 0x0000000711000000| Complete 
| 123|0x0000000711200000, 0x0000000711400000, 0x0000000711400000|100%| E|CS|TAMS 0x0000000711200000, 0x0000000711200000| Complete 
| 124|0x0000000711400000, 0x0000000711600000, 0x0000000711600000|100%| E|CS|TAMS 0x0000000711400000, 0x0000000711400000| Complete 
| 125|0x0000000711600000, 0x0000000711800000, 0x0000000711800000|100%| E|CS|TAMS 0x0000000711600000, 0x0000000711600000| Complete 
| 126|0x0000000711800000, 0x0000000711a00000, 0x0000000711a00000|100%| E|CS|TAMS 0x0000000711800000, 0x0000000711800000| Complete 
| 127|0x0000000711a00000, 0x0000000711c00000, 0x0000000711c00000|100%| E|CS|TAMS 0x0000000711a00000, 0x0000000711a00000| Complete 

Card table byte_map: [0x0000020adbff0000,0x0000020adc7f0000] _byte_map_base: 0x0000020ad87e2000

Marking Bits (Prev, Next): (CMBitMap*) 0x0000020ac42c2520, (CMBitMap*) 0x0000020ac42c2560
 Prev Bits: [0x0000020adcff0000, 0x0000020ae0f80000)
 Next Bits: [0x0000020ae0f80000, 0x0000020ae4f10000)

Polling page: 0x0000020ac2250000

Metaspace:

Usage:
  Non-class:     14.97 MB capacity,    14.81 MB ( 99%) used,   145.27 KB ( <1%) free+waste,    22.25 KB ( <1%) overhead. 
      Class:      2.04 MB capacity,     1.93 MB ( 95%) used,    95.48 KB (  5%) free+waste,     8.75 KB ( <1%) overhead. 
       Both:     17.01 MB capacity,    16.74 MB ( 98%) used,   240.75 KB (  1%) free+waste,    31.00 KB ( <1%) overhead. 

Virtual space:
  Non-class space:       16.00 MB reserved,      15.00 MB ( 94%) committed 
      Class space:        1.00 GB reserved,       2.12 MB ( <1%) committed 
             Both:        1.02 GB reserved,      17.12 MB (  2%) committed 

Chunk freelists:
   Non-Class:  28.00 KB
       Class:  28.00 KB
        Both:  56.00 KB

MaxMetaspaceSize: 17179869184.00 GB
CompressedClassSpaceSize: 1.00 GB

CodeHeap 'non-profiled nmethods': size=120000Kb used=484Kb max_used=484Kb free=119515Kb
 bounds [0x0000020ad3f80000, 0x0000020ad41f0000, 0x0000020adb4b0000]
CodeHeap 'profiled nmethods': size=120000Kb used=2768Kb max_used=2768Kb free=117231Kb
 bounds [0x0000020acca50000, 0x0000020accd10000, 0x0000020ad3f80000]
CodeHeap 'non-nmethods': size=5760Kb used=1349Kb max_used=1376Kb free=4410Kb
 bounds [0x0000020acc4b0000, 0x0000020acc720000, 0x0000020acca50000]
 total_blobs=2301 nmethods=1642 adapters=571
 compilation: enabled
              stopped_count=0, restarted_count=0
 full_count=0

Compilation events (20 events):
Event: 2.086 Thread 0x0000020ae7955d70 1622       3       java.util.LinkedHashMap$LinkedHashIterator::<init> (31 bytes)
Event: 2.086 Thread 0x0000020ae7955d70 nmethod 1622 0x0000020acccf8a10 code [0x0000020acccf8bc0, 0x0000020acccf8e38]
Event: 2.086 Thread 0x0000020ae7955d70 1623       3       java.util.LinkedHashMap::entrySet (27 bytes)
Event: 2.086 Thread 0x0000020ae7955d70 nmethod 1623 0x0000020acccf8f10 code [0x0000020acccf90e0, 0x0000020acccf94d8]
Event: 2.086 Thread 0x0000020ae7955d70 1628       3       java.util.HashMap::putMapEntries (167 bytes)
Event: 2.087 Thread 0x0000020aeb9b1b80 1630 %     4       sun.security.util.ManifestDigester::findSection @ 27 (181 bytes)
Event: 2.087 Thread 0x0000020ae7955d70 nmethod 1628 0x0000020acccf9610 code [0x0000020acccf98e0, 0x0000020acccfa748]
Event: 2.087 Thread 0x0000020ae7955d70 1625       3       java.util.LinkedHashMap$LinkedEntrySet::iterator (12 bytes)
Event: 2.087 Thread 0x0000020ae7955d70 nmethod 1625 0x0000020acccfab10 code [0x0000020acccfacc0, 0x0000020acccfb098]
Event: 2.087 Thread 0x0000020ae7955d70 1626       3       java.util.LinkedHashMap$LinkedEntryIterator::<init> (11 bytes)
Event: 2.088 Thread 0x0000020ae7955d70 nmethod 1626 0x0000020acccfb210 code [0x0000020acccfb3c0, 0x0000020acccfb6f8]
Event: 2.088 Thread 0x0000020ae7955d70 1624       3       java.util.LinkedHashMap$LinkedEntrySet::<init> (10 bytes)
Event: 2.088 Thread 0x0000020ae7955d70 nmethod 1624 0x0000020acccfb810 code [0x0000020acccfb9c0, 0x0000020acccfbc38]
Event: 2.088 Thread 0x0000020ae7955d70 1627       3       java.util.jar.Attributes::entrySet (10 bytes)
Event: 2.088 Thread 0x0000020ae7955d70 nmethod 1627 0x0000020acccfbd90 code [0x0000020acccfbf40, 0x0000020acccfc108]
Event: 2.088 Thread 0x0000020ae7955d70 1633       3       sun.security.util.ManifestDigester::isNameAttr (102 bytes)
Event: 2.088 Thread 0x0000020ae7955d70 nmethod 1633 0x0000020acccfc210 code [0x0000020acccfc3c0, 0x0000020acccfc818]
Event: 2.088 Thread 0x0000020ae7955d70 1634  s    3       java.io.ByteArrayOutputStream::toString (18 bytes)
Event: 2.088 Thread 0x0000020ae7955d70 nmethod 1634 0x0000020acccfc990 code [0x0000020acccfcb40, 0x0000020acccfcda8]
Event: 2.089 Thread 0x0000020ae7955d70 1636       3       sun.security.util.ManifestDigester$$Lambda$229/0x0000000800d23dc8::apply (8 bytes)

GC Heap History (0 events):
No events

Deoptimization events (20 events):
Event: 2.065 Thread 0x0000020ae8ea5210 DEOPT PACKING pc=0x0000020acccdd8c9 sp=0x00000077fb8fc100
Event: 2.065 Thread 0x0000020ae8ea5210 DEOPT UNPACKING pc=0x0000020acc4fe23f sp=0x00000077fb8fb5b8 mode 0
Event: 2.065 Thread 0x0000020ae8ea5210 DEOPT PACKING pc=0x0000020acccdd8c9 sp=0x00000077fb8fc100
Event: 2.065 Thread 0x0000020ae8ea5210 DEOPT UNPACKING pc=0x0000020acc4fe23f sp=0x00000077fb8fb5b8 mode 0
Event: 2.065 Thread 0x0000020ae8ea5210 DEOPT PACKING pc=0x0000020acccdd694 sp=0x00000077fb8fc100
Event: 2.065 Thread 0x0000020ae8ea5210 DEOPT UNPACKING pc=0x0000020acc4fe23f sp=0x00000077fb8fb5b8 mode 0
Event: 2.065 Thread 0x0000020ae8ea5210 DEOPT PACKING pc=0x0000020acccdd694 sp=0x00000077fb8fc100
Event: 2.065 Thread 0x0000020ae8ea5210 DEOPT UNPACKING pc=0x0000020acc4fe23f sp=0x00000077fb8fb5b8 mode 0
Event: 2.066 Thread 0x0000020ae8ea5210 DEOPT PACKING pc=0x0000020acccdd694 sp=0x00000077fb8fc100
Event: 2.066 Thread 0x0000020ae8ea5210 DEOPT UNPACKING pc=0x0000020acc4fe23f sp=0x00000077fb8fb5b8 mode 0
Event: 2.066 Thread 0x0000020ae8ea5210 DEOPT PACKING pc=0x0000020acccdd8c9 sp=0x00000077fb8fc100
Event: 2.066 Thread 0x0000020ae8ea5210 DEOPT UNPACKING pc=0x0000020acc4fe23f sp=0x00000077fb8fb5b8 mode 0
Event: 2.066 Thread 0x0000020ae8ea5210 DEOPT PACKING pc=0x0000020acccdd8c9 sp=0x00000077fb8fc100
Event: 2.066 Thread 0x0000020ae8ea5210 DEOPT UNPACKING pc=0x0000020acc4fe23f sp=0x00000077fb8fb5b8 mode 0
Event: 2.066 Thread 0x0000020ae8ea5210 DEOPT PACKING pc=0x0000020acccdd8c9 sp=0x00000077fb8fc100
Event: 2.066 Thread 0x0000020ae8ea5210 DEOPT UNPACKING pc=0x0000020acc4fe23f sp=0x00000077fb8fb5b8 mode 0
Event: 2.066 Thread 0x0000020ae8ea5210 DEOPT PACKING pc=0x0000020acccdd8c9 sp=0x00000077fb8fc100
Event: 2.066 Thread 0x0000020ae8ea5210 DEOPT UNPACKING pc=0x0000020acc4fe23f sp=0x00000077fb8fb5b8 mode 0
Event: 2.067 Thread 0x0000020ae8ea5210 DEOPT PACKING pc=0x0000020acccdd694 sp=0x00000077fb8fc100
Event: 2.067 Thread 0x0000020ae8ea5210 DEOPT UNPACKING pc=0x0000020acc4fe23f sp=0x00000077fb8fb5b8 mode 0

Classes unloaded (0 events):
No events

Classes redefined (0 events):
No events

Internal exceptions (20 events):
Event: 1.659 Thread 0x0000020ac42719c0 Exception <a 'java/lang/ClassNotFoundException'{0x00000007110b9bb0}: ToolBar> (0x00000007110b9bb0) 
thrown [./open/src/hotspot/share/classfile/systemDictionary.cpp, line 295]
Event: 1.659 Thread 0x0000020ac42719c0 Exception <a 'java/lang/ClassNotFoundException'{0x00000007110b9f10}: Button> (0x00000007110b9f10) 
thrown [./open/src/hotspot/share/classfile/systemDictionary.cpp, line 295]
Event: 1.659 Thread 0x0000020ac42719c0 Exception <a 'java/lang/ClassNotFoundException'{0x00000007110ba3d8}: ToolBar> (0x00000007110ba3d8) 
thrown [./open/src/hotspot/share/classfile/systemDictionary.cpp, line 295]
Event: 1.659 Thread 0x0000020ac42719c0 Exception <a 'java/lang/ClassNotFoundException'{0x00000007110ba748}: ToggleButton> (0x00000007110ba748) 
thrown [./open/src/hotspot/share/classfile/systemDictionary.cpp, line 295]
Event: 1.659 Thread 0x0000020ac42719c0 Exception <a 'java/lang/ClassNotFoundException'{0x00000007110bab88}: javax/swing/JToolBarSeparator> (0x00000007110bab88) 
thrown [./open/src/hotspot/share/classfile/systemDictionary.cpp, line 295]
Event: 1.659 Thread 0x0000020ac42719c0 Exception <a 'java/lang/ClassNotFoundException'{0x00000007110bae90}: ToolBarSeparator> (0x00000007110bae90) 
thrown [./open/src/hotspot/share/classfile/systemDictionary.cpp, line 295]
Event: 1.659 Thread 0x0000020ac42719c0 Exception <a 'java/lang/ClassNotFoundException'{0x00000007110bb3a8}: ToolTip> (0x00000007110bb3a8) 
thrown [./open/src/hotspot/share/classfile/systemDictionary.cpp, line 295]
Event: 1.660 Thread 0x0000020ac42719c0 Exception <a 'java/lang/ClassNotFoundException'{0x00000007110bbcf8}: Tree> (0x00000007110bbcf8) 
thrown [./open/src/hotspot/share/classfile/systemDictionary.cpp, line 295]
Event: 1.660 Thread 0x0000020ac42719c0 Exception <a 'java/lang/ClassNotFoundException'{0x00000007110bc1f0}: Tree> (0x00000007110bc1f0) 
thrown [./open/src/hotspot/share/classfile/systemDictionary.cpp, line 295]
Event: 1.660 Thread 0x0000020ac42719c0 Exception <a 'java/lang/ClassNotFoundException'{0x00000007110bc560}: javax/swing/JTreeCell> (0x00000007110bc560) 
thrown [./open/src/hotspot/share/classfile/systemDictionary.cpp, line 295]
Event: 1.661 Thread 0x0000020ac42719c0 Exception <a 'java/lang/ClassNotFoundException'{0x00000007110bc860}: TreeCell> (0x00000007110bc860) 
thrown [./open/src/hotspot/share/classfile/systemDictionary.cpp, line 295]
Event: 1.661 Thread 0x0000020ac42719c0 Exception <a 'java/lang/ClassNotFoundException'{0x00000007110bd020}: RootPane> (0x00000007110bd020) 
thrown [./open/src/hotspot/share/classfile/systemDictionary.cpp, line 295]
Event: 1.662 Thread 0x0000020ac42719c0 Implicit null exception at 0x0000020ad3f97858 to 0x0000020ad3f978ea
Event: 1.663 Thread 0x0000020ac42719c0 Exception <a 'java/lang/ClassNotFoundException'{0x00000007110bfe70}: com/sun/swing/internal/plaf/metal/resources/spi/metalProvider> (0x00000007110bfe70) 
thrown [./open/src/hotspot/share/classfile/systemDictionary.cpp, line 295]
Event: 1.664 Thread 0x0000020ac42719c0 Exception <a 'java/lang/ClassNotFoundException'{0x00000007110c3e58}: com/sun/swing/internal/plaf/basic/resources/spi/basicProvider> (0x00000007110c3e58) 
thrown [./open/src/hotspot/share/classfile/systemDictionary.cpp, line 295]
Event: 1.682 Thread 0x0000020ae8ea5210 Exception <a 'java/lang/ClassNotFoundException'{0x0000000711161390}: com/sun/swing/internal/plaf/synth/resources/spi/synthProvider> (0x0000000711161390) 
thrown [./open/src/hotspot/share/classfile/systemDictionary.cpp, line 295]
Event: 1.734 Thread 0x0000020ae8ea5210 Exception <a 'java/lang/NoSuchMethodError'{0x0000000710e13808}: 'void java.lang.invoke.DirectMethodHandle$Holder.invokeStaticInit(java.lang.Object)'> (0x0000000710e13808) 
thrown [./open/src/hotspot/share/interpreter/linkResolver.cpp, line 782]
Event: 1.886 Thread 0x0000020ae8ea3ed0 Implicit null exception at 0x0000020ad3fb90f4 to 0x0000020ad3fb964c
Event: 1.886 Thread 0x0000020ae8ea3ed0 Implicit null exception at 0x0000020ad3fb8274 to 0x0000020ad3fb87dc
Event: 1.914 Thread 0x0000020ae8ea3ed0 Exception <a 'java/lang/NoSuchMethodError'{0x0000000710d11110}: 'java.lang.Object java.lang.invoke.DirectMethodHandle$Holder.newInvokeSpecial(java.lang.Object, java.lang.Object, java.lang.Object, int, int, int, int, int)'> (0x0000000710d11110) 
thrown [./open/src/hotspot/share/interpreter/linkResolver.cpp, line 782]

Events (20 events):
Event: 2.071 loading class com/microsoft/sqlserver/jdbc/SQLServerDriverBooleanProperty
Event: 2.071 loading class com/microsoft/sqlserver/jdbc/SQLServerDriverBooleanProperty done
Event: 2.071 loading class org/netbeans/lib/profiler/wireprotocol/EventBufferDumpedCommand
Event: 2.072 loading class org/netbeans/lib/profiler/wireprotocol/EventBufferDumpedCommand done
Event: 2.072 loading class com/microsoft/sqlserver/jdbc/KeyStoreAuthentication
Event: 2.072 loading class com/microsoft/sqlserver/jdbc/KeyStoreAuthentication done
Event: 2.073 loading class com/microsoft/sqlserver/jdbc/SQLServerDriverIntProperty
Event: 2.073 loading class com/microsoft/sqlserver/jdbc/SQLServerDriverIntProperty done
Event: 2.075 loading class com/microsoft/sqlserver/jdbc/SQLServerDriverObjectProperty
Event: 2.075 loading class com/microsoft/sqlserver/jdbc/SQLServerDriverObjectProperty done
Event: 2.078 loading class java/sql/Driver
Event: 2.078 loading class java/sql/Driver done
Event: 2.079 Executing VM operation: GetAllStackTraces
Event: 2.080 Executing VM operation: GetAllStackTraces done
Event: 2.080 Executing VM operation: HandshakeAllThreads
Event: 2.080 Executing VM operation: HandshakeAllThreads done
Event: 2.083 loading class org/netbeans/lib/profiler/wireprotocol/DumpResultsResponse
Event: 2.083 loading class org/netbeans/lib/profiler/wireprotocol/DumpResultsResponse done
Event: 2.087 loading class org/netbeans/lib/profiler/wireprotocol/GetMethodNamesForJMethodIdsCommand
Event: 2.087 loading class org/netbeans/lib/profiler/wireprotocol/GetMethodNamesForJMethodIdsCommand done


Dynamic libraries:
0x00007ff707820000 - 0x00007ff70782f000 	C:\Program Files\Java\jdk-15.0.1\bin\java.exe
0x00007fffbe2b0000 - 0x00007fffbe4a5000 	C:\WINDOWS\SYSTEM32\ntdll.dll
0x00007fffbd110000 - 0x00007fffbd1ce000 	C:\WINDOWS\System32\KERNEL32.DLL
0x00007fffbbb20000 - 0x00007fffbbde9000 	C:\WINDOWS\System32\KERNELBASE.dll
0x00007fffbb9d0000 - 0x00007fffbbad0000 	C:\WINDOWS\System32\ucrtbase.dll
0x00007fffb71a0000 - 0x00007fffb71b8000 	C:\Program Files\Java\jdk-15.0.1\bin\jli.dll
0x00007fffa1a80000 - 0x00007fffa1a99000 	C:\Program Files\Java\jdk-15.0.1\bin\VCRUNTIME140.dll
0x00007fffbd1e0000 - 0x00007fffbd28c000 	C:\WINDOWS\System32\ADVAPI32.dll
0x00007fffbe0c0000 - 0x00007fffbe15e000 	C:\WINDOWS\System32\msvcrt.dll
0x00007fffbd440000 - 0x00007fffbd4db000 	C:\WINDOWS\System32\sechost.dll
0x00007fffbdc90000 - 0x00007fffbddba000 	C:\WINDOWS\System32\RPCRT4.dll
0x00007fffbcee0000 - 0x00007fffbd081000 	C:\WINDOWS\System32\USER32.dll
0x00007fffbc2a0000 - 0x00007fffbc2c2000 	C:\WINDOWS\System32\win32u.dll
0x00007fffaf3e0000 - 0x00007fffaf67a000 	C:\WINDOWS\WinSxS\amd64_microsoft.windows.common-controls_6595b64144ccf1df_6.0.19041.1110_none_60b5254171f9507e\COMCTL32.dll
0x00007fffbc490000 - 0x00007fffbc4bb000 	C:\WINDOWS\System32\GDI32.dll
0x00007fffbc100000 - 0x00007fffbc20b000 	C:\WINDOWS\System32\gdi32full.dll
0x00007fffbbdf0000 - 0x00007fffbbe8d000 	C:\WINDOWS\System32\msvcp_win.dll
0x00007fffb4980000 - 0x00007fffb498a000 	C:\WINDOWS\SYSTEM32\VERSION.dll
0x00007fffbe160000 - 0x00007fffbe190000 	C:\WINDOWS\System32\IMM32.DLL
0x00007fffb0d30000 - 0x00007fffb0d3c000 	C:\Program Files\Java\jdk-15.0.1\bin\vcruntime140_1.dll
0x00007fff88910000 - 0x00007fff889a1000 	C:\Program Files\Java\jdk-15.0.1\bin\msvcp140.dll
0x00007fff84690000 - 0x00007fff851ee000 	C:\Program Files\Java\jdk-15.0.1\bin\server\jvm.dll
0x00007fffbca80000 - 0x00007fffbca88000 	C:\WINDOWS\System32\PSAPI.DLL
0x00007fffb70f0000 - 0x00007fffb70f9000 	C:\WINDOWS\SYSTEM32\WSOCK32.dll
0x00007fffb0230000 - 0x00007fffb0257000 	C:\WINDOWS\SYSTEM32\WINMM.dll
0x00007fffbdc20000 - 0x00007fffbdc8b000 	C:\WINDOWS\System32\WS2_32.dll
0x00007fffba250000 - 0x00007fffba262000 	C:\WINDOWS\SYSTEM32\kernel.appcore.dll
0x00007fffaebd0000 - 0x00007fffaebda000 	C:\Program Files\Java\jdk-15.0.1\bin\jimage.dll
0x00007fffb8c50000 - 0x00007fffb8e34000 	C:\WINDOWS\SYSTEM32\DBGHELP.DLL
0x00007fffb2fb0000 - 0x00007fffb2fdc000 	C:\WINDOWS\SYSTEM32\dbgcore.DLL
0x00007fffbc210000 - 0x00007fffbc293000 	C:\WINDOWS\System32\bcryptPrimitives.dll
0x00007fffb7950000 - 0x00007fffb795f000 	C:\Program Files\NetBeans-12.2\netbeans\profiler\lib\deployed\jdk16\windows-amd64\profilerinterface.dll
0x00007fff9ca70000 - 0x00007fff9ca95000 	C:\Program Files\Java\jdk-15.0.1\bin\java.dll
0x00007fff9ca30000 - 0x00007fff9ca48000 	C:\Program Files\Java\jdk-15.0.1\bin\zip.dll
0x00007fffbd4e0000 - 0x00007fffbdc1f000 	C:\WINDOWS\System32\SHELL32.dll
0x00007fffb9ab0000 - 0x00007fffba240000 	C:\WINDOWS\SYSTEM32\windows.storage.dll
0x00007fffbcb20000 - 0x00007fffbce75000 	C:\WINDOWS\System32\combase.dll
0x00007fffbb420000 - 0x00007fffbb44c000 	C:\WINDOWS\SYSTEM32\Wldp.dll
0x00007fffbc300000 - 0x00007fffbc3ad000 	C:\WINDOWS\System32\SHCORE.dll
0x00007fffbe060000 - 0x00007fffbe0b5000 	C:\WINDOWS\System32\shlwapi.dll
0x00007fffbb910000 - 0x00007fffbb92f000 	C:\WINDOWS\SYSTEM32\profapi.dll
0x00007fff9cf50000 - 0x00007fff9cf69000 	C:\Program Files\Java\jdk-15.0.1\bin\net.dll
0x00007fffb2200000 - 0x00007fffb2308000 	C:\WINDOWS\SYSTEM32\WINHTTP.dll
0x00007fffbb180000 - 0x00007fffbb1ea000 	C:\WINDOWS\system32\mswsock.dll
0x00007fff9ca50000 - 0x00007fff9ca62000 	C:\Program Files\Java\jdk-15.0.1\bin\nio.dll
0x00007fffb7da0000 - 0x00007fffb7da9000 	C:\Program Files\Java\jdk-15.0.1\bin\management.dll
0x00007fffb3f80000 - 0x00007fffb3f8b000 	C:\Program Files\Java\jdk-15.0.1\bin\management_ext.dll
0x00007fffbb370000 - 0x00007fffbb388000 	C:\WINDOWS\SYSTEM32\CRYPTSP.dll
0x00007fffbaa90000 - 0x00007fffbaac4000 	C:\WINDOWS\system32\rsaenh.dll
0x00007fffbc2d0000 - 0x00007fffbc2f7000 	C:\WINDOWS\System32\bcrypt.dll
0x00007fffbb8d0000 - 0x00007fffbb8fe000 	C:\WINDOWS\SYSTEM32\USERENV.dll
0x00007fffbb390000 - 0x00007fffbb39c000 	C:\WINDOWS\SYSTEM32\CRYPTBASE.dll
0x00007fffbae20000 - 0x00007fffbae5b000 	C:\WINDOWS\SYSTEM32\IPHLPAPI.DLL
0x00007fffbc3b0000 - 0x00007fffbc3b8000 	C:\WINDOWS\System32\NSI.dll
0x00007fffb2590000 - 0x00007fffb25a7000 	C:\WINDOWS\SYSTEM32\dhcpcsvc6.DLL
0x00007fffb2f20000 - 0x00007fffb2f3d000 	C:\WINDOWS\SYSTEM32\dhcpcsvc.DLL
0x00007fffbae70000 - 0x00007fffbaf3c000 	C:\WINDOWS\SYSTEM32\DNSAPI.dll
0x00007fff889b0000 - 0x00007fff88b30000 	C:\Program Files\Java\jdk-15.0.1\bin\awt.dll
0x00007fffbc3c0000 - 0x00007fffbc48d000 	C:\WINDOWS\System32\OLEAUT32.dll
0x00007fffb7200000 - 0x00007fffb7290000 	C:\WINDOWS\SYSTEM32\apphelp.dll
0x00007fffb8a60000 - 0x00007fffb8afe000 	C:\WINDOWS\system32\uxtheme.dll
0x00007fffbc960000 - 0x00007fffbca75000 	C:\WINDOWS\System32\MSCTF.dll
0x00007fffbde20000 - 0x00007fffbdf4a000 	C:\WINDOWS\System32\ole32.dll
0x00007fffb90d0000 - 0x00007fffb90ff000 	C:\WINDOWS\system32\DWMAPI.DLL
0x00007fff88c70000 - 0x00007fff88cf5000 	C:\Program Files\Java\jdk-15.0.1\bin\freetype.dll
0x00007fff886e0000 - 0x00007fff88789000 	C:\Program Files\Java\jdk-15.0.1\bin\fontmanager.dll
0x00007fff9bc70000 - 0x00007fff9bd95000 	C:\WINDOWS\system32\opengl32.dll
0x00007fffb3430000 - 0x00007fffb345c000 	C:\WINDOWS\SYSTEM32\GLU32.dll

dbghelp: loaded successfully - version: 4.0.5 - missing functions: none
symbol engine: initialized successfully - sym options: 0x614 - pdb path: .;C:\Program Files\Java\jdk-15.0.1\bin;C:\WINDOWS\SYSTEM32;C:\WINDOWS\WinSxS\amd64_microsoft.windows.common-controls_6595b64144ccf1df_6.0.19041.1110_none_60b5254171f9507e;C:\Program Files\Java\jdk-15.0.1\bin\server;C:\Program Files\NetBeans-12.2\netbeans\profiler\lib\deployed\jdk16\windows-amd64

VM Arguments:
jvm_args: -Dfile.encoding=UTF-8 -agentpath:C:/Program Files/NetBeans-12.2/netbeans/profiler/lib/deployed/jdk16/windows-amd64/profilerinterface.dll=C:\Program Files\NetBeans-12.2\netbeans\profiler\lib,5140,10 -XX:+HeapDumpOnOutOfMemoryError -XX:HeapDumpPath=C:\Users\HP\Desktop\QLCP (2)\coffe-ban-me\QLQuanCaPheBanME\nbproject\private\profiler --module-path=C:\Users\HP\Desktop\QLCP (2)\coffe-ban-me\QLQuanCaPheBanME\build\classes 
java_command: GUI.main
java_class_path (initial): C:\Users\HP\Downloads\system\jcalendar-1.4.jar;C:\Users\HP\Downloads\sqljdbc_9.2.1.0_enu\sqljdbc_9.2\enu\mssql-jdbc-9.2.1.jre15.jar;C:\Users\HP\Downloads\system\itextpdf-5.5.9.jar;C:\Users\HP\Desktop\QLCP (2)\coffe-ban-me\QLQuanCaPheBanME\build\classes
Launcher Type: SUN_STANDARD

[Global flags]
     intx CICompilerCount                          = 4                                         {product} {ergonomic}
     uint ConcGCThreads                            = 2                                         {product} {ergonomic}
     uint G1ConcRefinementThreads                  = 8                                         {product} {ergonomic}
   size_t G1HeapRegionSize                         = 2097152                                   {product} {ergonomic}
    uintx GCDrainStackTargetSize                   = 64                                        {product} {ergonomic}
     bool HeapDumpOnOutOfMemoryError               = true                                   {manageable} {command line}
    ccstr HeapDumpPath                             = C:\Users\HP\Desktop\QLCP (2)\coffe-ban-me\QLQuanCaPheBanME\nbproject\private\profiler         {manageable} {command line}
   size_t InitialHeapSize                          = 268435456                                 {product} {ergonomic}
   size_t MarkStackSize                            = 4194304                                   {product} {ergonomic}
   size_t MaxHeapSize                              = 4265607168                                {product} {ergonomic}
   size_t MaxNewSize                               = 2558525440                                {product} {ergonomic}
   size_t MinHeapDeltaBytes                        = 2097152                                   {product} {ergonomic}
   size_t MinHeapSize                              = 8388608                                   {product} {ergonomic}
    uintx NonNMethodCodeHeapSize                   = 5839372                                {pd product} {ergonomic}
    uintx NonProfiledCodeHeapSize                  = 122909434                              {pd product} {ergonomic}
    uintx ProfiledCodeHeapSize                     = 122909434                              {pd product} {ergonomic}
    uintx ReservedCodeCacheSize                    = 251658240                              {pd product} {ergonomic}
     bool SegmentedCodeCache                       = true                                      {product} {ergonomic}
   size_t SoftMaxHeapSize                          = 4265607168                             {manageable} {ergonomic}
     bool UseCompressedClassPointers               = true                                 {lp64_product} {ergonomic}
     bool UseCompressedOops                        = true                                 {lp64_product} {ergonomic}
     bool UseG1GC                                  = true                                      {product} {ergonomic}
     bool UseLargePagesIndividualAllocation        = false                                  {pd product} {ergonomic}

Logging:
Log output configuration:
 #0: stdout all=warning uptime,level,tags
 #1: stderr all=off uptime,level,tags

Environment Variables:
JAVA_HOME=C:\Program Files\Java\jdk-15.0.1
PATH=C:\Program Files (x86)\Common Files\Oracle\Java\javapath;C:\Program Files\Java\jdk-15.0.1;C:\WINDOWS\system32;C:\WINDOWS;C:\WINDOWS\System32\Wbem;C:\WINDOWS\System32\WindowsPowerShell\v1.0\;C:\WINDOWS\System32\OpenSSH\;C:\Program Files\Java\jdk-15.0.1\bin;C:\Program Files\Microsoft SQL Server\Client SDK\ODBC\170\Tools\Binn\;C:\Program Files (x86)\Microsoft SQL Server\150\Tools\Binn\;C:\Program Files\Microsoft SQL Server\150\Tools\Binn\;C:\Program Files\Microsoft SQL Server\150\DTS\Binn\;C:\Program Files (x86)\Microsoft SQL Server\150\DTS\Binn\;C:\Program Files\Azure Data Studio\bin;C:\Program Files\Git\cmd;C:\Users\HP\AppData\Local\Microsoft\WindowsApps;;D:\VR STUDIO\Microsoft VS Code\bin;C:\Program Files\Azure Data Studio\bin
USERNAME=HP
OS=Windows_NT
PROCESSOR_IDENTIFIER=Intel64 Family 6 Model 60 Stepping 3, GenuineIntel



---------------  S Y S T E M  ---------------

OS:
 Windows 10 , 64 bit Build 19041 (10.0.19041.1202)
OS uptime: 19 days 5:55 hours

CPU: total 8 (initial active 8) (4 cores per cpu, 2 threads per core) family 6 model 60 stepping 3 microcode 0x27, cmov, cx8, fxsr, mmx, sse, sse2, sse3, ssse3, sse4.1, sse4.2, popcnt, vzeroupper, avx, avx2, aes, clmul, erms, lzcnt, ht, tsc, tscinvbit, bmi1, bmi2, fma, clflush

Memory: 4k page, system-wide physical 16265M (9678M free)
TotalPageFile size 18697M (AvailPageFile size 10225M)
current process WorkingSet (physical memory assigned to process): 101M, peak: 101M
current process commit charge ("private bytes"): 385M, peak: 389M

vm_info: Java HotSpot(TM) 64-Bit Server VM (15.0.1+9-18) for windows-amd64 JRE (15.0.1+9-18), built on Sep 15 2020 14:43:54 by "mach5one" with unknown MS VC++:1925

END.
